<?xml version="1.0" encoding="UTF-8"?>
<!-- Generated by org.testng.reporters.JUnitReportReporter -->
<testsuite skipped="0" hostname="ATMECSINDT-068" name="library.MembershipCardDetails" tests="1" failures="0" timestamp="18 Jul 2019 13:05:21 GMT" time="2.373" errors="0">
  <testcase name="membershipcard" time="2.373" classname="library.MembershipCardDetails"/>
</testsuite> <!-- library.MembershipCardDetails -->
