<?xml version="1.0" encoding="UTF-8"?>
<!-- Generated by org.testng.reporters.JUnitReportReporter -->
<testsuite skipped="0" hostname="ATMECSINDT-068" name="com.atmecs.atmecsqa.testscript.AboutUs" tests="1" failures="0" timestamp="08 Aug 2019 13:55:27 GMT" time="17.199" errors="0">
  <testcase name="getAboutUsPage" time="17.199" classname="com.atmecs.atmecsqa.testscript.AboutUs"/>
</testsuite> <!-- com.atmecs.atmecsqa.testscript.AboutUs -->
