<?xml version="1.0" encoding="UTF-8"?>
<!-- Generated by org.testng.reporters.JUnitReportReporter -->
<testsuite skipped="0" hostname="ATMECSINDT-068" name="com.atmecs.toolsqademoshop.operation.SearchProduct" tests="1" failures="0" timestamp="26 Aug 2019 05:10:27 GMT" time="4.466" errors="0">
  <testcase name="searchProducts" time="4.466" classname="com.atmecs.toolsqademoshop.operation.SearchProduct"/>
</testsuite> <!-- com.atmecs.toolsqademoshop.operation.SearchProduct -->
