<?xml version="1.0" encoding="UTF-8"?>
<!-- Generated by org.testng.reporters.JUnitReportReporter -->
<testsuite skipped="0" hostname="ATMECSINDT-068" name="com.atmecs.atmecsqa.testbase.TestBase" tests="1" failures="0" timestamp="13 Aug 2019 07:09:52 GMT" time="16.194" errors="0">
  <testcase name="openBrowser" time="16.194" classname="com.atmecs.atmecsqa.testbase.TestBase"/>
</testsuite> <!-- com.atmecs.atmecsqa.testbase.TestBase -->
