<?xml version="1.0" encoding="UTF-8"?>
<!-- Generated by org.testng.reporters.JUnitReportReporter -->
<testsuite skipped="0" hostname="ATMECSINDT-068" name="com.atmecs.atmecsqa.testscript.AboutUs" tests="1" failures="0" timestamp="05 Aug 2019 14:09:14 GMT" time="17.574" errors="0">
  <testcase name="gotopartners" time="17.574" classname="com.atmecs.atmecsqa.testscript.AboutUs"/>
</testsuite> <!-- com.atmecs.atmecsqa.testscript.AboutUs -->
