<?xml version="1.0" encoding="UTF-8"?>
<!-- Generated by org.testng.reporters.JUnitReportReporter -->
<testsuite skipped="0" hostname="ATMECSINDT-068" name="com.atmecs.atmecsqa.testscript.Careers" tests="1" failures="0" timestamp="07 Aug 2019 08:26:23 GMT" time="20.045" errors="0">
  <testcase name="getCareersPage" time="20.045" classname="com.atmecs.atmecsqa.testscript.Careers"/>
</testsuite> <!-- com.atmecs.atmecsqa.testscript.Careers -->
