<?xml version="1.0" encoding="UTF-8"?>
<!-- Generated by org.testng.reporters.JUnitReportReporter -->
<testsuite skipped="0" hostname="ATMECSINDT-068" name="com.atmecs.toolsqademoshop.pages.GetProduct" tests="1" failures="0" timestamp="26 Aug 2019 07:16:26 GMT" time="4.663" errors="0">
  <testcase name="searchFirstproduct" time="4.663" classname="com.atmecs.toolsqademoshop.pages.GetProduct"/>
</testsuite> <!-- com.atmecs.toolsqademoshop.pages.GetProduct -->
