<?xml version="1.0" encoding="UTF-8"?>
<!-- Generated by org.testng.reporters.JUnitReportReporter -->
<testsuite skipped="0" hostname="ATMECSINDT-068" name="com.atmecs.atmecsqa.pages.HomePage" tests="2" failures="0" timestamp="06 Aug 2019 04:52:38 GMT" time="41.101" errors="0">
  <testcase name="getHomePage" time="15.828" classname="com.atmecs.atmecsqa.pages.HomePage"/>
  <testcase name="toCheckHomePageWedElements" time="25.273" classname="com.atmecs.atmecsqa.pages.HomePage"/>
</testsuite> <!-- com.atmecs.atmecsqa.pages.HomePage -->
