<?xml version="1.0" encoding="UTF-8"?>
<!-- Generated by org.testng.reporters.JUnitReportReporter -->
<testsuite skipped="0" hostname="ATMECSINDT-068" name="com.atmecs.toolsqademoshop.testscript.PurchaseGirlsTop" tests="1" failures="0" timestamp="26 Aug 2019 04:55:50 GMT" time="73.564" errors="0">
  <testcase name="purchaseblack_tshirt" time="73.564" classname="com.atmecs.toolsqademoshop.testscript.PurchaseGirlsTop"/>
</testsuite> <!-- com.atmecs.toolsqademoshop.testscript.PurchaseGirlsTop -->
