<?xml version="1.0" encoding="UTF-8"?>
<!-- Generated by org.testng.reporters.JUnitReportReporter -->
<testsuite skipped="0" hostname="ATMECSINDT-068" name="com.atmecs.atmecsqa.pages.CareersPage" tests="4" failures="0" timestamp="06 Aug 2019 06:56:54 GMT" time="32.767" errors="0">
  <testcase name="getCareersPage" time="13.431" classname="com.atmecs.atmecsqa.pages.CareersPage"/>
  <testcase name="hyderabadCareerHomePage" time="2.417" classname="com.atmecs.atmecsqa.pages.CareersPage"/>
  <testcase name="bangaloreCareerHomePage" time="5.166" classname="com.atmecs.atmecsqa.pages.CareersPage"/>
  <testcase name="chennaiCareerHomePage" time="11.753" classname="com.atmecs.atmecsqa.pages.CareersPage"/>
</testsuite> <!-- com.atmecs.atmecsqa.pages.CareersPage -->
