<?xml version="1.0" encoding="UTF-8"?>
<!-- Generated by org.testng.reporters.JUnitReportReporter -->
<testsuite skipped="0" hostname="ATMECSINDT-068" name="com.atmecs.toolsqademoshop.testscript.PurchasedProductGrandTotalValidation" tests="1" failures="0" timestamp="26 Aug 2019 08:23:44 GMT" time="73.755" errors="0">
  <testcase name="purchaseblack_tshirt" time="73.755" classname="com.atmecs.toolsqademoshop.testscript.PurchasedProductGrandTotalValidation"/>
</testsuite> <!-- com.atmecs.toolsqademoshop.testscript.PurchasedProductGrandTotalValidation -->
