<?xml version="1.0" encoding="UTF-8"?>
<!-- Generated by org.testng.reporters.JUnitReportReporter -->
<testsuite skipped="0" hostname="ATMECSINDT-068" name="com.atmecs.toolsqademoshop.testbase.TestBase" tests="1" failures="0" timestamp="23 Aug 2019 11:28:02 GMT" time="68.208" errors="0">
  <testcase name="openBrowser" time="68.208" classname="com.atmecs.toolsqademoshop.testbase.TestBase"/>
</testsuite> <!-- com.atmecs.toolsqademoshop.testbase.TestBase -->
