<?xml version="1.0" encoding="UTF-8"?>
<!-- Generated by org.testng.reporters.JUnitReportReporter -->
<testsuite skipped="0" hostname="ATMECSINDT-068" name="com.atmecs.atmecsqa.testscript.ContactUs" tests="2" failures="0" timestamp="09 Aug 2019 07:35:35 GMT" time="9.955" errors="0">
  <testcase name="getContactUsPage" time="2.914" classname="com.atmecs.atmecsqa.testscript.ContactUs"/>
  <testcase name="validateContactUsPortal" time="7.041" classname="com.atmecs.atmecsqa.testscript.ContactUs"/>
</testsuite> <!-- com.atmecs.atmecsqa.testscript.ContactUs -->
