<?xml version="1.0" encoding="UTF-8"?>
<!-- Generated by org.testng.reporters.JUnitReportReporter -->
<testsuite skipped="0" hostname="ATMECSINDT-068" name="com.atmecs.atmecsqa.testscript.Home" tests="2" failures="0" timestamp="08 Aug 2019 07:26:33 GMT" time="62.809" errors="0">
  <testcase name="getHomePage" time="16.792" classname="com.atmecs.atmecsqa.testscript.Home"/>
  <testcase name="toCheckHomePageWedElements" time="46.017" classname="com.atmecs.atmecsqa.testscript.Home"/>
</testsuite> <!-- com.atmecs.atmecsqa.testscript.Home -->
