<?xml version="1.0" encoding="UTF-8"?>
<!-- Generated by org.testng.reporters.JUnitReportReporter -->
<testsuite skipped="0" hostname="ATMECSINDT-068" name="com.atmecs.atmecsqa.testscript.Partners" tests="1" failures="0" timestamp="07 Aug 2019 09:37:50 GMT" time="15.810" errors="0">
  <testcase name="gotopartners" time="15.810" classname="com.atmecs.atmecsqa.testscript.Partners"/>
</testsuite> <!-- com.atmecs.atmecsqa.testscript.Partners -->
