<?xml version="1.0" encoding="UTF-8"?>
<!-- Generated by org.testng.reporters.JUnitReportReporter -->
<testsuite skipped="0" hostname="ATMECSINDT-068" name="com.atmecs.toolsqademoshop.testscript.PurchasedProductGrandTotalValidation" tests="1" failures="0" timestamp="27 Aug 2019 09:41:35 GMT" time="21.391" errors="0">
  <testcase name="purchaseblack_tshirt" time="21.391" classname="com.atmecs.toolsqademoshop.testscript.PurchasedProductGrandTotalValidation"/>
</testsuite> <!-- com.atmecs.toolsqademoshop.testscript.PurchasedProductGrandTotalValidation -->
