<?xml version="1.0" encoding="UTF-8"?>
<!-- Generated by org.testng.reporters.JUnitReportReporter -->
<testsuite skipped="0" hostname="ATMECSINDT-068" name="com.atmecs.toolsqademoshop.testscript.ShopAccount" tests="1" failures="0" timestamp="27 Aug 2019 09:41:35 GMT" time="4.742" errors="0">
  <testcase name="getaccountprotal" time="4.742" classname="com.atmecs.toolsqademoshop.testscript.ShopAccount"/>
</testsuite> <!-- com.atmecs.toolsqademoshop.testscript.ShopAccount -->
