<?xml version="1.0" encoding="UTF-8"?>
<!-- Generated by org.testng.reporters.JUnitReportReporter -->
<testsuite skipped="0" hostname="ATMECSINDT-068" name="com.atmecs.atmecsqa.pages.ContactUsPage" tests="2" failures="0" timestamp="02 Aug 2019 13:49:31 GMT" time="21.211" errors="0">
  <testcase name="getContactUsPage" time="17.774" classname="com.atmecs.atmecsqa.pages.ContactUsPage"/>
  <testcase name="ContactUs" time="3.437" classname="com.atmecs.atmecsqa.pages.ContactUsPage"/>
</testsuite> <!-- com.atmecs.atmecsqa.pages.ContactUsPage -->
