<?xml version="1.0" encoding="UTF-8"?>
<!-- Generated by org.testng.reporters.JUnitReportReporter -->
<testsuite skipped="0" hostname="ATMECSINDT-068" name="com.atmecs.atmecsqa.testscript.HomePageScript" tests="1" failures="0" timestamp="07 Aug 2019 05:11:13 GMT" time="66.443" errors="0">
  <testcase name="homePageScript" time="66.443" classname="com.atmecs.atmecsqa.testscript.HomePageScript"/>
</testsuite> <!-- com.atmecs.atmecsqa.testscript.HomePageScript -->
