<?xml version="1.0" encoding="UTF-8"?>
<!-- Generated by org.testng.reporters.JUnitReportReporter -->
<testsuite skipped="0" hostname="ATMECSINDT-068" name="com.atmecs.atmecsqa.pages.PartnersPage" tests="1" failures="0" timestamp="06 Aug 2019 04:43:24 GMT" time="17.474" errors="0">
  <testcase name="gotopartners" time="17.474" classname="com.atmecs.atmecsqa.pages.PartnersPage"/>
</testsuite> <!-- com.atmecs.atmecsqa.pages.PartnersPage -->
