<?xml version="1.0" encoding="UTF-8"?>
<!-- Generated by org.testng.reporters.JUnitReportReporter -->
<testsuite skipped="0" hostname="ATMECSINDT-068" name="com.atmecs.atmecsqa.pages.HomePage" tests="2" failures="0" timestamp="02 Aug 2019 10:45:42 GMT" time="36.092" errors="0">
  <testcase name="getHomePage" time="11.242" classname="com.atmecs.atmecsqa.pages.HomePage"/>
  <testcase name="toCheckHomePageWedElements" time="24.850" classname="com.atmecs.atmecsqa.pages.HomePage"/>
</testsuite> <!-- com.atmecs.atmecsqa.pages.HomePage -->
