<?xml version="1.0" encoding="UTF-8"?>
<!-- Generated by org.testng.reporters.JUnitReportReporter -->
<testsuite skipped="0" hostname="ATMECSINDT-068" name="com.atmecs.atmecsqa.pages.AboutUsPage" tests="1" failures="0" timestamp="02 Aug 2019 07:06:43 GMT" time="14.420" errors="0">
  <testcase name="getAboutUsPage" time="14.420" classname="com.atmecs.atmecsqa.pages.AboutUsPage"/>
</testsuite> <!-- com.atmecs.atmecsqa.pages.AboutUsPage -->
