<?xml version="1.0" encoding="UTF-8"?>
<!-- Generated by org.testng.reporters.JUnitReportReporter -->
<testsuite skipped="0" hostname="ATMECSINDT-068" name="com.atmecs.atmecsqa.testbase.Base" tests="1" failures="0" timestamp="05 Aug 2019 04:23:06 GMT" time="22.074" errors="0">
  <testcase name="openBrowser" time="22.074" classname="com.atmecs.atmecsqa.testbase.Base"/>
</testsuite> <!-- com.atmecs.atmecsqa.testbase.Base -->
