<?xml version="1.0" encoding="UTF-8"?>
<!-- Generated by org.testng.reporters.JUnitReportReporter -->
<testsuite skipped="0" hostname="ATMECSINDT-068" name="com.atmecs.atmecsqa.testscript.PartnersScript" tests="1" failures="0" timestamp="07 Aug 2019 05:11:13 GMT" time="17.439" errors="0">
  <testcase name="partnersScript" time="17.439" classname="com.atmecs.atmecsqa.testscript.PartnersScript"/>
</testsuite> <!-- com.atmecs.atmecsqa.testscript.PartnersScript -->
