<?xml version="1.0" encoding="UTF-8"?>
<!-- Generated by org.testng.reporters.JUnitReportReporter -->
<testsuite skipped="0" hostname="ATMECSINDT-068" name="com.atmecs.atmecsqa.pages.PartnersPage" tests="1" failures="0" timestamp="02 Aug 2019 07:07:36 GMT" time="14.618" errors="0">
  <testcase name="getPartnersPage" time="14.618" classname="com.atmecs.atmecsqa.pages.PartnersPage"/>
</testsuite> <!-- com.atmecs.atmecsqa.pages.PartnersPage -->
