<?xml version="1.0" encoding="UTF-8"?>
<!-- Generated by org.testng.reporters.JUnitReportReporter -->
<testsuite skipped="0" hostname="ATMECSINDT-068" name="com.atmecs.atmecsqa.pages.AboutUs" tests="1" failures="0" timestamp="07 Aug 2019 05:30:19 GMT" time="44.958" errors="0">
  <testcase name="getAboutUsPage" time="44.958" classname="com.atmecs.atmecsqa.pages.AboutUs"/>
</testsuite> <!-- com.atmecs.atmecsqa.pages.AboutUs -->
