<?xml version="1.0" encoding="UTF-8"?>
<!-- Generated by org.testng.reporters.JUnitReportReporter -->
<testsuite skipped="0" hostname="ATMECSINDT-068" name="com.atmecs.atmecsqa.pages.AboutUsPage" tests="1" failures="0" timestamp="06 Aug 2019 04:45:52 GMT" time="16.858" errors="0">
  <testcase name="gotopartners" time="16.858" classname="com.atmecs.atmecsqa.pages.AboutUsPage"/>
</testsuite> <!-- com.atmecs.atmecsqa.pages.AboutUsPage -->
