<?xml version="1.0" encoding="UTF-8"?>
<!-- Generated by org.testng.reporters.JUnitReportReporter -->
<testsuite skipped="0" hostname="ATMECSINDT-068" name="com.atmecs.toolsqademoshop.testscript.PurchaseGirlsTop" tests="1" failures="0" timestamp="13 Aug 2019 13:14:29 GMT" time="9.797" errors="0">
  <testcase name="purchasepinktop" time="9.797" classname="com.atmecs.toolsqademoshop.testscript.PurchaseGirlsTop"/>
</testsuite> <!-- com.atmecs.toolsqademoshop.testscript.PurchaseGirlsTop -->
