<?xml version="1.0" encoding="UTF-8"?>
<!-- Generated by org.testng.reporters.JUnitReportReporter -->
<testsuite skipped="0" hostname="ATMECSINDT-068" name="com.atmecs.atmecsqa.testscript.AboutUsScript" tests="1" failures="0" timestamp="07 Aug 2019 05:11:13 GMT" time="21.965" errors="0">
  <testcase name="aboutUsScript" time="21.965" classname="com.atmecs.atmecsqa.testscript.AboutUsScript"/>
</testsuite> <!-- com.atmecs.atmecsqa.testscript.AboutUsScript -->
