<?xml version="1.0" encoding="UTF-8"?>
<!-- Generated by org.testng.reporters.JUnitReportReporter -->
<testsuite skipped="0" hostname="ATMECSINDT-068" name="com.atmecs.atmecsqa.pages.ContactUsPage" tests="2" failures="0" timestamp="06 Aug 2019 08:02:18 GMT" time="24.406" errors="0">
  <testcase name="getContactUsPage" time="14.215" classname="com.atmecs.atmecsqa.pages.ContactUsPage"/>
  <testcase name="validateContactUsPortal" time="10.191" classname="com.atmecs.atmecsqa.pages.ContactUsPage"/>
</testsuite> <!-- com.atmecs.atmecsqa.pages.ContactUsPage -->
