<?xml version="1.0" encoding="UTF-8"?>
<!-- Generated by org.testng.reporters.JUnitReportReporter -->
<testsuite skipped="0" hostname="ATMECSINDT-068" name="com.atmecs.atmecsqa.testscript.Home" tests="2" failures="0" timestamp="07 Aug 2019 09:40:11 GMT" time="38.596" errors="0">
  <testcase name="getHomePage" time="11.672" classname="com.atmecs.atmecsqa.testscript.Home"/>
  <testcase name="toCheckHomePageWedElements" time="26.924" classname="com.atmecs.atmecsqa.testscript.Home"/>
</testsuite> <!-- com.atmecs.atmecsqa.testscript.Home -->
